<?xml version="1.0" encoding="UTF-8"?>
<testsuite xmlns:xsi="http://www.w3.org/2001/XMLSchema-instance" xsi:noNamespaceSchemaLocation="https://maven.apache.org/surefire/maven-surefire-plugin/xsd/surefire-test-report-3.0.xsd" version="3.0" name="org.example.AppTest" time="0.025" tests="1" errors="0" skipped="0" failures="0">
  <properties>
    <property name="java.specification.version" value="22"/>
    <property name="sun.cpu.isalist" value="amd64"/>
    <property name="sun.jnu.encoding" value="Cp1254"/>
    <property name="java.class.path" value="C:\Users\Alişan\database-config-new\target\test-classes;C:\Users\Alişan\database-config-new\target\classes;C:\Users\Alişan\.m2\repository\junit\junit\3.8.1\junit-3.8.1.jar;C:\Users\Alişan\.m2\repository\commons-cli\commons-cli\1.8.0\commons-cli-1.8.0.jar;C:\Users\Alişan\.m2\repository\org\slf4j\slf4j-reload4j\2.0.13\slf4j-reload4j-2.0.13.jar;C:\Users\Alişan\.m2\repository\org\slf4j\slf4j-api\2.0.13\slf4j-api-2.0.13.jar;C:\Users\Alişan\.m2\repository\ch\qos\reload4j\reload4j\1.2.22\reload4j-1.2.22.jar;C:\Users\Alişan\.m2\repository\com\mysql\mysql-connector-j\8.0.33\mysql-connector-j-8.0.33.jar;C:\Users\Alişan\.m2\repository\com\google\protobuf\protobuf-java\3.21.9\protobuf-java-3.21.9.jar;"/>
    <property name="java.vm.vendor" value="Oracle Corporation"/>
    <property name="sun.arch.data.model" value="64"/>
    <property name="user.variant" value=""/>
    <property name="java.vendor.url" value="https://java.oracle.com/"/>
    <property name="user.timezone" value="Europe/Istanbul"/>
    <property name="os.name" value="Windows 10"/>
    <property name="java.vm.specification.version" value="22"/>
    <property name="sun.java.launcher" value="SUN_STANDARD"/>
    <property name="user.country" value="US"/>
    <property name="sun.boot.library.path" value="C:\Program Files\Java\jdk-22\bin"/>
    <property name="sun.java.command" value="C:\Users\Alişan\AppData\Local\Temp\surefire2387629621009804088\surefirebooter-20240709141006010_3.jar C:\Users\Alişan\AppData\Local\Temp\surefire2387629621009804088 2024-07-09T14-10-05_863-jvmRun1 surefire-20240709141006010_1tmp surefire_0-20240709141006010_2tmp"/>
    <property name="jdk.debug" value="release"/>
    <property name="surefire.test.class.path" value="C:\Users\Alişan\database-config-new\target\test-classes;C:\Users\Alişan\database-config-new\target\classes;C:\Users\Alişan\.m2\repository\junit\junit\3.8.1\junit-3.8.1.jar;C:\Users\Alişan\.m2\repository\commons-cli\commons-cli\1.8.0\commons-cli-1.8.0.jar;C:\Users\Alişan\.m2\repository\org\slf4j\slf4j-reload4j\2.0.13\slf4j-reload4j-2.0.13.jar;C:\Users\Alişan\.m2\repository\org\slf4j\slf4j-api\2.0.13\slf4j-api-2.0.13.jar;C:\Users\Alişan\.m2\repository\ch\qos\reload4j\reload4j\1.2.22\reload4j-1.2.22.jar;C:\Users\Alişan\.m2\repository\com\mysql\mysql-connector-j\8.0.33\mysql-connector-j-8.0.33.jar;C:\Users\Alişan\.m2\repository\com\google\protobuf\protobuf-java\3.21.9\protobuf-java-3.21.9.jar;"/>
    <property name="sun.cpu.endian" value="little"/>
    <property name="user.home" value="C:\Users\Alişan"/>
    <property name="user.language" value="en"/>
    <property name="java.specification.vendor" value="Oracle Corporation"/>
    <property name="java.version.date" value="2024-03-19"/>
    <property name="java.home" value="C:\Program Files\Java\jdk-22"/>
    <property name="file.separator" value="\"/>
    <property name="basedir" value="C:\Users\Alişan\database-config-new"/>
    <property name="java.vm.compressedOopsMode" value="Zero based"/>
    <property name="line.separator" value="&#10;"/>
    <property name="java.vm.specification.vendor" value="Oracle Corporation"/>
    <property name="java.specification.name" value="Java Platform API Specification"/>
    <property name="surefire.real.class.path" value="C:\Users\Alişan\AppData\Local\Temp\surefire2387629621009804088\surefirebooter-20240709141006010_3.jar"/>
    <property name="user.script" value=""/>
    <property name="sun.management.compiler" value="HotSpot 64-Bit Tiered Compilers"/>
    <property name="java.runtime.version" value="22+36-2370"/>
    <property name="user.name" value="Alişan"/>
    <property name="stdout.encoding" value="Cp1254"/>
    <property name="path.separator" value=";"/>
    <property name="os.version" value="10.0"/>
    <property name="java.runtime.name" value="Java(TM) SE Runtime Environment"/>
    <property name="file.encoding" value="UTF-8"/>
    <property name="java.vm.name" value="Java HotSpot(TM) 64-Bit Server VM"/>
    <property name="localRepository" value="C:\Users\Alişan\.m2\repository"/>
    <property name="java.vendor.url.bug" value="https://bugreport.java.com/bugreport/"/>
    <property name="java.io.tmpdir" value="C:\Users\ALIAN~1\AppData\Local\Temp\"/>
    <property name="java.version" value="22"/>
    <property name="user.dir" value="C:\Users\Alişan\database-config-new"/>
    <property name="os.arch" value="amd64"/>
    <property name="java.vm.specification.name" value="Java Virtual Machine Specification"/>
    <property name="sun.os.patch.level" value=""/>
    <property name="native.encoding" value="Cp1254"/>
    <property name="java.library.path" value="C:\Program Files\Java\jdk-22\bin;C:\Windows\Sun\Java\bin;C:\Windows\system32;C:\Windows;C:\Program Files\Common Files\Oracle\Java\javapath;C:\Program Files\Eclipse Adoptium\jdk-21.0.3.9-hotspot\bin;C:\Windows\system32;C:\Windows;C:\Windows\System32\Wbem;C:\Windows\System32\WindowsPowerShell\v1.0\;C:\Windows\System32\OpenSSH\;C:\instantclient_23_4;C:\Program Files\Git\cmd;C:\Program Files\GitHub CLI\;C:\Program Files (x86)\Yarn\bin\;C:\Program Files\nodejs\;C:\Program Files\Java\jdk-22\bin;C:\Program Files\apache-maven-3.9.8\bin;C:\Users\Alişan\Downloads\apache-maven-3.9.8\bin;."/>
    <property name="java.vm.info" value="mixed mode, sharing"/>
    <property name="stderr.encoding" value="Cp1254"/>
    <property name="java.vendor" value="Oracle Corporation"/>
    <property name="java.vm.version" value="22+36-2370"/>
    <property name="sun.io.unicode.encoding" value="UnicodeLittle"/>
    <property name="java.class.version" value="66.0"/>
  </properties>
  <testcase name="testApp" classname="org.example.AppTest" time="0.003"/>
</testsuite>